#
# There is insufficient memory for the Java Runtime Environment to continue.
# Native memory allocation (malloc) failed to allocate 131088 bytes for Chunk::new
# Possible reasons:
#   The system is out of physical RAM or swap space
#   The process is running with CompressedOops enabled, and the Java Heap may be blocking the growth of the native heap
# Possible solutions:
#   Reduce memory load on the system
#   Increase physical memory or swap space
#   Check if swap backing store is full
#   Decrease Java heap size (-Xmx/-Xms)
#   Decrease number of Java threads
#   Decrease Java thread stack sizes (-Xss)
#   Set larger code cache with -XX:ReservedCodeCacheSize=
#   JVM is running with Unscaled Compressed Oops mode in which the Java heap is
#     placed in the first 4GB address space. The Java Heap base address is the
#     maximum limit for the native heap growth. Please use -XX:HeapBaseMinAddress
#     to set the Java Heap base and to place the Java Heap above 4GB virtual address.
# This output file may be truncated or incomplete.
#
#  Out of Memory Error (allocation.cpp:389), pid=21580, tid=0x0000000000003028
#
# JRE version: OpenJDK Runtime Environment (8.0_242-b01) (build 1.8.0_242-release-1644-b01)
# Java VM: OpenJDK 64-Bit Server VM (25.242-b01 mixed mode windows-amd64 compressed oops)
# Failed to write core dump. Minidumps are not enabled by default on client versions of Windows
#

---------------  T H R E A D  ---------------

Current thread (0x00000000199df800):  JavaThread "C2 CompilerThread1" daemon [_thread_in_native, id=12328, stack(0x000000001b130000,0x000000001b230000)]

Stack: [0x000000001b130000,0x000000001b230000]
[error occurred during error reporting (printing stack bounds), id 0xc0000005]

Native frames: (J=compiled Java code, j=interpreted, Vv=VM code, C=native code)


Current CompileTask:
C2: 201429 19280   !   4       java.nio.file.FileTreeWalker::next (144 bytes)


---------------  P R O C E S S  ---------------

Java Threads: ( => current thread )
  0x0000000022045000 JavaThread "stdout" [_thread_in_native, id=14548, stack(0x0000000031880000,0x0000000031980000)]
  0x0000000022041800 JavaThread "stderr" [_thread_in_native, id=25944, stack(0x0000000031780000,0x0000000031880000)]
  0x0000000022047800 JavaThread "stdout" [_thread_in_native, id=31028, stack(0x0000000031570000,0x0000000031670000)]
  0x0000000022040000 JavaThread "stderr" [_thread_in_native, id=33444, stack(0x0000000031470000,0x0000000031570000)]
  0x0000000022040800 JavaThread "stdout" [_thread_in_native, id=7672, stack(0x0000000031370000,0x0000000031470000)]
  0x0000000022043800 JavaThread "stderr" [_thread_in_native, id=29784, stack(0x0000000031270000,0x0000000031370000)]
  0x0000000022046000 JavaThread "stdout" [_thread_in_native, id=32400, stack(0x0000000031170000,0x0000000031270000)]
  0x0000000022038800 JavaThread "stderr" [_thread_in_native, id=1816, stack(0x0000000031070000,0x0000000031170000)]
  0x000000002203f000 JavaThread "stdout" [_thread_in_native, id=33148, stack(0x0000000030f70000,0x0000000031070000)]
  0x000000002203b800 JavaThread "stderr" [_thread_in_native, id=16300, stack(0x0000000030e70000,0x0000000030f70000)]
  0x000000002203d800 JavaThread "stdout" [_thread_in_native, id=23816, stack(0x0000000030bd0000,0x0000000030cd0000)]
  0x0000000022039000 JavaThread "stderr" [_thread_in_native, id=6796, stack(0x0000000030ad0000,0x0000000030bd0000)]
  0x000000002203a800 JavaThread "stdout" [_thread_in_native, id=30756, stack(0x00000000307d0000,0x00000000308d0000)]
  0x000000002203d000 JavaThread "stderr" [_thread_in_native, id=31652, stack(0x00000000306d0000,0x00000000307d0000)]
  0x000000002203e800 JavaThread "stdout" [_thread_in_native, id=29668, stack(0x00000000305d0000,0x00000000306d0000)]
  0x000000002203a000 JavaThread "stderr" [_thread_in_native, id=19128, stack(0x00000000304d0000,0x00000000305d0000)]
  0x000000002203c000 JavaThread "WorkerExecutor Queue Thread 8" [_thread_blocked, id=18924, stack(0x00000000300e0000,0x00000000301e0000)]
  0x000000001d8c0800 JavaThread "pool-6-thread-1" [_thread_blocked, id=29036, stack(0x000000002fde0000,0x000000002fee0000)]
  0x000000001d8bf000 JavaThread "WorkerExecutor Queue Thread 5" [_thread_blocked, id=23656, stack(0x000000002fce0000,0x000000002fde0000)]
  0x0000000020aea000 JavaThread "WorkerExecutor Queue" [_thread_blocked, id=33916, stack(0x000000002f7e0000,0x000000002f8e0000)]
  0x0000000020aee800 JavaThread "Cache worker for execution history cache (D:\AndroidStudioProjects\Quizapp\.gradle\6.5\executionHistory)" [_thread_blocked, id=22480, stack(0x000000002f370000,0x000000002f470000)]
  0x0000000020aeb800 JavaThread "Execution worker for ':' Thread 11" [_thread_blocked, id=24052, stack(0x000000002f270000,0x000000002f370000)]
  0x0000000020aec000 JavaThread "Execution worker for ':' Thread 10" [_thread_blocked, id=33508, stack(0x000000002f170000,0x000000002f270000)]
  0x0000000020aed800 JavaThread "Execution worker for ':' Thread 9" [_thread_blocked, id=8024, stack(0x000000002f070000,0x000000002f170000)]
  0x0000000020ae2000 JavaThread "Execution worker for ':' Thread 8" [_thread_blocked, id=30984, stack(0x000000002ef70000,0x000000002f070000)]
  0x0000000020ae9000 JavaThread "Execution worker for ':' Thread 7" [_thread_blocked, id=18272, stack(0x000000002ee70000,0x000000002ef70000)]
  0x0000000020ae8800 JavaThread "Execution worker for ':' Thread 6" [_thread_blocked, id=34128, stack(0x000000002ed70000,0x000000002ee70000)]
  0x0000000020ae7800 JavaThread "Execution worker for ':' Thread 5" [_thread_blocked, id=33704, stack(0x000000002ec70000,0x000000002ed70000)]
  0x0000000020ae7000 JavaThread "Execution worker for ':' Thread 4" [_thread_blocked, id=28008, stack(0x000000002eb70000,0x000000002ec70000)]
  0x000000001daba000 JavaThread "Execution worker for ':' Thread 3" [_thread_in_vm, id=31132, stack(0x000000002ea70000,0x000000002eb70000)]
  0x000000001dabb800 JavaThread "Execution worker for ':' Thread 2" [_thread_blocked, id=10496, stack(0x000000002e970000,0x000000002ea70000)]
  0x000000001dab8800 JavaThread "Execution worker for ':'" [_thread_blocked, id=22408, stack(0x000000002e870000,0x000000002e970000)]
  0x000000001dab9000 JavaThread "Cache worker for file content cache (D:\AndroidStudioProjects\Quizapp\.gradle\6.5\fileContent)" [_thread_blocked, id=26136, stack(0x000000002d350000,0x000000002d450000)]
  0x000000001daba800 JavaThread "Memory manager" [_thread_blocked, id=27212, stack(0x000000002c630000,0x000000002c730000)]
  0x000000001dab7800 JavaThread "Cache worker for Build Output Cleanup Cache (D:\AndroidStudioProjects\Quizapp\.gradle\buildOutputCleanup)" [_thread_blocked, id=22008, stack(0x000000002bd30000,0x000000002be30000)]
  0x000000001dab0000 JavaThread "Build operations Thread 12" [_thread_blocked, id=24628, stack(0x0000000025ae0000,0x0000000025be0000)]
  0x000000001dab7000 JavaThread "Build operations Thread 11" [_thread_blocked, id=21272, stack(0x00000000259e0000,0x0000000025ae0000)]
  0x000000001daaf800 JavaThread "Build operations Thread 10" [_thread_blocked, id=31936, stack(0x00000000258e0000,0x00000000259e0000)]
  0x000000001dab6000 JavaThread "Build operations Thread 9" [_thread_blocked, id=21264, stack(0x00000000257e0000,0x00000000258e0000)]
  0x000000001dab5800 JavaThread "Build operations Thread 8" [_thread_blocked, id=31272, stack(0x00000000256e0000,0x00000000257e0000)]
  0x000000001dab4800 JavaThread "Build operations Thread 7" [_thread_blocked, id=33056, stack(0x00000000255e0000,0x00000000256e0000)]
  0x000000001daad000 JavaThread "Build operations Thread 6" [_thread_blocked, id=30360, stack(0x00000000254e0000,0x00000000255e0000)]
  0x000000001dab3000 JavaThread "Build operations Thread 5" [_thread_blocked, id=32744, stack(0x00000000253e0000,0x00000000254e0000)]
  0x000000001dab4000 JavaThread "Build operations Thread 4" [_thread_blocked, id=15376, stack(0x00000000252e0000,0x00000000253e0000)]
  0x000000001dab2800 JavaThread "Build operations Thread 3" [_thread_blocked, id=27512, stack(0x0000000023bf0000,0x0000000023cf0000)]
  0x000000001daae800 JavaThread "Build operations Thread 2" [_thread_blocked, id=32960, stack(0x00000000235f0000,0x00000000236f0000)]
  0x000000001daae000 JavaThread "Build operations" [_thread_blocked, id=3500, stack(0x00000000231f0000,0x00000000232f0000)]
  0x0000000021505800 JavaThread "Cache worker for cache directory md-rule (C:\Users\keyel\.gradle\caches\6.5\md-rule)" [_thread_blocked, id=34668, stack(0x000000001f880000,0x000000001f980000)]
  0x0000000021504800 JavaThread "Cache worker for cache directory md-supplier (C:\Users\keyel\.gradle\caches\6.5\md-supplier)" [_thread_blocked, id=33564, stack(0x000000001f280000,0x000000001f380000)]
  0x0000000021503000 JavaThread "Cache worker for checksums cache (D:\AndroidStudioProjects\Quizapp\.gradle\checksums)" [_thread_blocked, id=34536, stack(0x000000001f180000,0x000000001f280000)]
  0x0000000021500000 JavaThread "Cache worker for file hash cache (D:\AndroidStudioProjects\Quizapp\.gradle\6.5\fileHashes)" [_thread_blocked, id=12268, stack(0x000000001f080000,0x000000001f180000)]
  0x0000000021502800 JavaThread "Thread-336" [_thread_blocked, id=1544, stack(0x000000001ef80000,0x000000001f080000)]
  0x00000000214ff800 JavaThread "Stdin handler" [_thread_blocked, id=32424, stack(0x000000001ee80000,0x000000001ef80000)]
  0x0000000021504000 JavaThread "Asynchronous log dispatcher for DefaultDaemonConnection: socket connection from /127.0.0.1:11482 to /127.0.0.1:11519" [_thread_blocked, id=20148, stack(0x000000001eb80000,0x000000001ec80000)]
  0x00000000214fe800 JavaThread "Cancel handler" [_thread_blocked, id=32228, stack(0x00000000013f0000,0x00000000014f0000)]
  0x0000000021501000 JavaThread "Handler for socket connection from /127.0.0.1:11482 to /127.0.0.1:11519" [_thread_in_native, id=14960, stack(0x00000000012f0000,0x00000000013f0000)]
  0x0000000021501800 JavaThread "jar transforms Thread 188" [_thread_blocked, id=32552, stack(0x000000002bc30000,0x000000002bd30000)]
  0x00000000214f8800 JavaThread "jar transforms Thread 187" [_thread_blocked, id=4968, stack(0x000000002b9e0000,0x000000002bae0000)]
  0x00000000214fe000 JavaThread "jar transforms Thread 186" [_thread_blocked, id=32596, stack(0x000000002b8e0000,0x000000002b9e0000)]
  0x00000000214fd000 JavaThread "jar transforms Thread 185" [_thread_blocked, id=25428, stack(0x000000002b7e0000,0x000000002b8e0000)]
  0x00000000214fc800 JavaThread "jar transforms Thread 184" [_thread_blocked, id=26368, stack(0x000000002b6e0000,0x000000002b7e0000)]
  0x00000000214fb800 JavaThread "jar transforms Thread 183" [_thread_blocked, id=32532, stack(0x000000002b5e0000,0x000000002b6e0000)]
  0x00000000214fa000 JavaThread "jar transforms Thread 182" [_thread_blocked, id=25456, stack(0x000000002b4e0000,0x000000002b5e0000)]
  0x00000000214fb000 JavaThread "jar transforms Thread 181" [_thread_blocked, id=33972, stack(0x000000002b3e0000,0x000000002b4e0000)]
  0x00000000214f8000 JavaThread "jar transforms Thread 180" [_thread_blocked, id=28080, stack(0x000000002b2e0000,0x000000002b3e0000)]
  0x00000000214f9800 JavaThread "jar transforms Thread 179" [_thread_blocked, id=32808, stack(0x000000002b1e0000,0x000000002b2e0000)]
  0x00000000214f6800 JavaThread "jar transforms Thread 178" [_thread_blocked, id=12052, stack(0x000000002b0e0000,0x000000002b1e0000)]
  0x00000000214f7000 JavaThread "jar transforms Thread 177" [_thread_blocked, id=23088, stack(0x000000002afe0000,0x000000002b0e0000)]
  0x000000001fd84000 JavaThread "jar transforms Thread 176" [_thread_blocked, id=28660, stack(0x000000002aee0000,0x000000002afe0000)]
  0x000000001fd86800 JavaThread "jar transforms Thread 175" [_thread_blocked, id=28736, stack(0x000000002ade0000,0x000000002aee0000)]
  0x000000001fd83800 JavaThread "jar transforms Thread 174" [_thread_blocked, id=29288, stack(0x000000002ace0000,0x000000002ade0000)]
  0x000000001fd8a000 JavaThread "jar transforms Thread 173" [_thread_blocked, id=27896, stack(0x000000002abe0000,0x000000002ace0000)]
  0x000000001fd85800 JavaThread "jar transforms Thread 172" [_thread_blocked, id=29476, stack(0x000000002aae0000,0x000000002abe0000)]
  0x000000001fd82800 JavaThread "jar transforms Thread 171" [_thread_blocked, id=31796, stack(0x000000002a9e0000,0x000000002aae0000)]
  0x000000001fd89800 JavaThread "jar transforms Thread 170" [_thread_blocked, id=32028, stack(0x000000002a8e0000,0x000000002a9e0000)]
  0x000000001fd88800 JavaThread "jar transforms Thread 169" [_thread_blocked, id=32888, stack(0x000000002a7e0000,0x000000002a8e0000)]
  0x000000001fd87000 JavaThread "jar transforms Thread 168" [_thread_blocked, id=26808, stack(0x000000002a6e0000,0x000000002a7e0000)]
  0x000000001fd88000 JavaThread "jar transforms Thread 167" [_thread_blocked, id=34552, stack(0x000000002a5e0000,0x000000002a6e0000)]
  0x000000001fd85000 JavaThread "jar transforms Thread 166" [_thread_blocked, id=32600, stack(0x000000002a4e0000,0x000000002a5e0000)]
  0x000000001fd7b000 JavaThread "jar transforms Thread 165" [_thread_blocked, id=30764, stack(0x000000002a3e0000,0x000000002a4e0000)]
  0x000000001fd82000 JavaThread "jar transforms Thread 164" [_thread_blocked, id=33324, stack(0x000000002a2e0000,0x000000002a3e0000)]
  0x000000001fd81000 JavaThread "jar transforms Thread 163" [_thread_blocked, id=33360, stack(0x000000002a1e0000,0x000000002a2e0000)]
  0x000000001fd7f000 JavaThread "jar transforms Thread 162" [_thread_blocked, id=31632, stack(0x000000002a0e0000,0x000000002a1e0000)]
  0x000000001fd7e000 JavaThread "jar transforms Thread 161" [_thread_blocked, id=32180, stack(0x0000000029fe0000,0x000000002a0e0000)]
  0x000000001fd7c000 JavaThread "jar transforms Thread 160" [_thread_blocked, id=33452, stack(0x0000000029ee0000,0x0000000029fe0000)]
  0x000000001fd7f800 JavaThread "jar transforms Thread 159" [_thread_blocked, id=25640, stack(0x0000000029de0000,0x0000000029ee0000)]
  0x000000001fd7c800 JavaThread "jar transforms Thread 158" [_thread_blocked, id=32736, stack(0x0000000029ce0000,0x0000000029de0000)]
  0x000000001fd7d800 JavaThread "jar transforms Thread 157" [_thread_blocked, id=11764, stack(0x0000000029be0000,0x0000000029ce0000)]
  0x000000001fd80800 JavaThread "jar transforms Thread 156" [_thread_blocked, id=23264, stack(0x0000000029ae0000,0x0000000029be0000)]
  0x000000001b77f800 JavaThread "jar transforms Thread 155" [_thread_blocked, id=32872, stack(0x00000000299e0000,0x0000000029ae0000)]
  0x000000001b785800 JavaThread "jar transforms Thread 154" [_thread_blocked, id=22104, stack(0x00000000298e0000,0x00000000299e0000)]
  0x000000001b781800 JavaThread "jar transforms Thread 153" [_thread_blocked, id=25524, stack(0x00000000297e0000,0x00000000298e0000)]
  0x000000001b783000 JavaThread "jar transforms Thread 152" [_thread_blocked, id=31032, stack(0x00000000296e0000,0x00000000297e0000)]
  0x000000001b780000 JavaThread "jar transforms Thread 151" [_thread_blocked, id=3180, stack(0x00000000295e0000,0x00000000296e0000)]
  0x000000001b784800 JavaThread "jar transforms Thread 150" [_thread_blocked, id=20912, stack(0x00000000294e0000,0x00000000295e0000)]
  0x000000001b781000 JavaThread "jar transforms Thread 149" [_thread_blocked, id=14588, stack(0x00000000293e0000,0x00000000294e0000)]
  0x000000001b784000 JavaThread "jar transforms Thread 148" [_thread_blocked, id=33024, stack(0x00000000292e0000,0x00000000293e0000)]
  0x000000001b786000 JavaThread "jar transforms Thread 147" [_thread_blocked, id=31428, stack(0x00000000291e0000,0x00000000292e0000)]
  0x000000001b782800 JavaThread "jar transforms Thread 146" [_thread_blocked, id=29168, stack(0x00000000290e0000,0x00000000291e0000)]
  0x000000001b778800 JavaThread "jar transforms Thread 145" [_thread_blocked, id=34044, stack(0x0000000028fe0000,0x00000000290e0000)]
  0x000000001b77e800 JavaThread "jar transforms Thread 144" [_thread_blocked, id=31660, stack(0x0000000028ee0000,0x0000000028fe0000)]
  0x000000001b777000 JavaThread "jar transforms Thread 143" [_thread_blocked, id=21640, stack(0x0000000028de0000,0x0000000028ee0000)]
  0x000000001b77b000 JavaThread "jar transforms Thread 142" [_thread_blocked, id=22588, stack(0x0000000028ce0000,0x0000000028de0000)]
  0x000000001b779800 JavaThread "jar transforms Thread 141" [_thread_blocked, id=6968, stack(0x0000000028be0000,0x0000000028ce0000)]
  0x000000001b77e000 JavaThread "jar transforms Thread 140" [_thread_blocked, id=22256, stack(0x0000000028ae0000,0x0000000028be0000)]
  0x000000001b77d000 JavaThread "jar transforms Thread 139" [_thread_blocked, id=30124, stack(0x00000000289e0000,0x0000000028ae0000)]
  0x000000001b778000 JavaThread "jar transforms Thread 138" [_thread_blocked, id=29804, stack(0x00000000288e0000,0x00000000289e0000)]
  0x000000001b77b800 JavaThread "jar transforms Thread 137" [_thread_blocked, id=10136, stack(0x00000000287e0000,0x00000000288e0000)]
  0x000000001b77c800 JavaThread "jar transforms Thread 136" [_thread_blocked, id=4364, stack(0x00000000286e0000,0x00000000287e0000)]
  0x000000001b77a000 JavaThread "jar transforms Thread 135" [_thread_blocked, id=13564, stack(0x00000000285e0000,0x00000000286e0000)]
  0x0000000020ac7000 JavaThread "jar transforms Thread 134" [_thread_blocked, id=25468, stack(0x00000000284e0000,0x00000000285e0000)]
  0x0000000020ac6800 JavaThread "jar transforms Thread 133" [_thread_blocked, id=29984, stack(0x00000000283e0000,0x00000000284e0000)]
  0x0000000020ac5000 JavaThread "jar transforms Thread 132" [_thread_blocked, id=24036, stack(0x00000000282e0000,0x00000000283e0000)]
  0x0000000020ac5800 JavaThread "jar transforms Thread 131" [_thread_blocked, id=33752, stack(0x00000000281e0000,0x00000000282e0000)]
  0x0000000020ac3800 JavaThread "jar transforms Thread 130" [_thread_blocked, id=31432, stack(0x00000000280e0000,0x00000000281e0000)]
  0x0000000020ac4000 JavaThread "jar transforms Thread 129" [_thread_blocked, id=17744, stack(0x0000000027fe0000,0x00000000280e0000)]
  0x0000000020abc000 JavaThread "jar transforms Thread 128" [_thread_blocked, id=29556, stack(0x0000000027ee0000,0x0000000027fe0000)]
  0x0000000020ac2800 JavaThread "jar transforms Thread 127" [_thread_blocked, id=34288, stack(0x0000000027de0000,0x0000000027ee0000)]
  0x0000000020ac2000 JavaThread "jar transforms Thread 126" [_thread_blocked, id=30172, stack(0x0000000027ce0000,0x0000000027de0000)]
  0x0000000020ac1000 JavaThread "jar transforms Thread 125" [_thread_blocked, id=10208, stack(0x0000000027be0000,0x0000000027ce0000)]
  0x0000000020ac0800 JavaThread "jar transforms Thread 124" [_thread_blocked, id=32064, stack(0x0000000027ae0000,0x0000000027be0000)]
  0x0000000020ab9000 JavaThread "jar transforms Thread 123" [_thread_blocked, id=34520, stack(0x00000000279e0000,0x0000000027ae0000)]
  0x0000000020aba800 JavaThread "jar transforms Thread 122" [_thread_blocked, id=20860, stack(0x00000000278e0000,0x00000000279e0000)]
  0x0000000020abf800 JavaThread "jar transforms Thread 121" [_thread_blocked, id=26172, stack(0x00000000277e0000,0x00000000278e0000)]
  0x0000000020abe000 JavaThread "jar transforms Thread 120" [_thread_blocked, id=8300, stack(0x00000000276e0000,0x00000000277e0000)]
  0x0000000020abb000 JavaThread "jar transforms Thread 119" [_thread_blocked, id=26708, stack(0x00000000275e0000,0x00000000276e0000)]
  0x0000000020abd800 JavaThread "jar transforms Thread 118" [_thread_blocked, id=11372, stack(0x00000000274e0000,0x00000000275e0000)]
  0x0000000020abf000 JavaThread "jar transforms Thread 117" [_thread_blocked, id=32312, stack(0x00000000273e0000,0x00000000274e0000)]
  0x0000000020ab8000 JavaThread "jar transforms Thread 116" [_thread_blocked, id=29144, stack(0x00000000272e0000,0x00000000273e0000)]
  0x0000000020ab9800 JavaThread "jar transforms Thread 115" [_thread_blocked, id=24908, stack(0x00000000271e0000,0x00000000272e0000)]
  0x0000000020abc800 JavaThread "jar transforms Thread 114" [_thread_blocked, id=25364, stack(0x00000000270e0000,0x00000000271e0000)]
  0x000000001ffa6000 JavaThread "jar transforms Thread 113" [_thread_blocked, id=32456, stack(0x0000000026fe0000,0x00000000270e0000)]
  0x000000001ffa8000 JavaThread "jar transforms Thread 112" [_thread_blocked, id=24264, stack(0x0000000026ee0000,0x0000000026fe0000)]
  0x000000001ffa5000 JavaThread "jar transforms Thread 111" [_thread_blocked, id=30904, stack(0x0000000026de0000,0x0000000026ee0000)]
  0x000000001ffa7800 JavaThread "jar transforms Thread 110" [_thread_blocked, id=34648, stack(0x0000000026ce0000,0x0000000026de0000)]
  0x000000001ffa4000 JavaThread "jar transforms Thread 109" [_thread_blocked, id=9840, stack(0x0000000026be0000,0x0000000026ce0000)]
  0x000000001ffa6800 JavaThread "jar transforms Thread 108" [_thread_blocked, id=29292, stack(0x0000000026ae0000,0x0000000026be0000)]
  0x000000001ffa9000 JavaThread "jar transforms Thread 107" [_thread_blocked, id=30840, stack(0x00000000269e0000,0x0000000026ae0000)]
  0x000000001ff9c800 JavaThread "jar transforms Thread 106" [_thread_blocked, id=29816, stack(0x00000000268e0000,0x00000000269e0000)]
  0x000000001ffa3800 JavaThread "jar transforms Thread 105" [_thread_blocked, id=28044, stack(0x00000000267e0000,0x00000000268e0000)]
  0x000000001ff9c000 JavaThread "jar transforms Thread 104" [_thread_blocked, id=23324, stack(0x00000000266e0000,0x00000000267e0000)]
  0x000000001ffa2000 JavaThread "jar transforms Thread 103" [_thread_blocked, id=25976, stack(0x00000000265e0000,0x00000000266e0000)]
  0x000000001ffa2800 JavaThread "jar transforms Thread 102" [_thread_blocked, id=29212, stack(0x00000000264e0000,0x00000000265e0000)]
  0x000000001ffa1000 JavaThread "jar transforms Thread 101" [_thread_blocked, id=31368, stack(0x00000000263e0000,0x00000000264e0000)]
  0x000000001ff99800 JavaThread "jar transforms Thread 100" [_thread_blocked, id=25012, stack(0x00000000262e0000,0x00000000263e0000)]
  0x000000001ff9a800 JavaThread "jar transforms Thread 99" [_thread_blocked, id=27064, stack(0x00000000261e0000,0x00000000262e0000)]
  0x000000001ff9b000 JavaThread "jar transforms Thread 98" [_thread_blocked, id=27496, stack(0x00000000260e0000,0x00000000261e0000)]
  0x000000001ff9e000 JavaThread "jar transforms Thread 97" [_thread_blocked, id=20404, stack(0x0000000025de0000,0x0000000025ee0000)]
  0x000000001ff9f000 JavaThread "jar transforms Thread 96" [_thread_blocked, id=31088, stack(0x0000000025ce0000,0x0000000025de0000)]
  0x000000001ff9d800 JavaThread "jar transforms Thread 95" [_thread_blocked, id=27356, stack(0x0000000025be0000,0x0000000025ce0000)]
  0x0000000020ae6000 JavaThread "Daemon worker Thread 2" [_thread_blocked, id=34368, stack(0x000000001e980000,0x000000001ea80000)]
  0x0000000020ae1800 JavaThread "Daemon Thread 2" [_thread_blocked, id=9572, stack(0x00000000011f0000,0x00000000012f0000)]
  0x000000001d8c4800 JavaThread "Cache worker for file content cache (C:\Users\keyel\.gradle\caches\6.5\fileContent)" [_thread_blocked, id=22748, stack(0x0000000023af0000,0x0000000023bf0000)]
  0x000000001d8c1800 JavaThread "Cache worker for execution history cache (C:\Users\keyel\.gradle\caches\6.5\executionHistory)" [_thread_blocked, id=13328, stack(0x00000000232f0000,0x00000000233f0000)]
  0x000000001d8be800 JavaThread "Cache worker for file hash cache (C:\Users\keyel\.gradle\caches\6.5\fileHashes)" [_thread_blocked, id=26068, stack(0x000000001f780000,0x000000001f880000)]
  0x000000001d8bd800 JavaThread "File lock request listener" [_thread_in_native, id=24300, stack(0x000000001f680000,0x000000001f780000)]
  0x000000001d735000 JavaThread "Cache worker for journal cache (C:\Users\keyel\.gradle\caches\journal-1)" [_thread_blocked, id=33260, stack(0x000000001f580000,0x000000001f680000)]
  0x000000001d697800 JavaThread "Daemon periodic checks" [_thread_blocked, id=12180, stack(0x000000001e880000,0x000000001e980000)]
  0x000000001d64b800 JavaThread "Incoming local TCP Connector on port 11482" [_thread_in_native, id=33844, stack(0x000000001e640000,0x000000001e740000)]
  0x000000001d5b4000 JavaThread "Daemon health stats" [_thread_blocked, id=32428, stack(0x000000001ce00000,0x000000001cf00000)]
  0x0000000019a73800 JavaThread "Service Thread" daemon [_thread_blocked, id=18484, stack(0x000000001b430000,0x000000001b530000)]
  0x00000000199e3000 JavaThread "C1 CompilerThread3" daemon [_thread_blocked, id=16688, stack(0x000000001b330000,0x000000001b430000)]
  0x00000000199e2000 JavaThread "C2 CompilerThread2" daemon [_thread_blocked, id=17412, stack(0x000000001b230000,0x000000001b330000)]
=>0x00000000199df800 JavaThread "C2 CompilerThread1" daemon [_thread_in_native, id=12328, stack(0x000000001b130000,0x000000001b230000)]
  0x00000000199d7800 JavaThread "C2 CompilerThread0" daemon [_thread_blocked, id=25380, stack(0x000000001b030000,0x000000001b130000)]
  0x00000000199d4800 JavaThread "Attach Listener" daemon [_thread_blocked, id=32300, stack(0x000000001af30000,0x000000001b030000)]
  0x000000001830e800 JavaThread "Signal Dispatcher" daemon [_thread_blocked, id=32060, stack(0x000000001ae30000,0x000000001af30000)]
  0x000000000308a800 JavaThread "Finalizer" daemon [_thread_blocked, id=17200, stack(0x000000001ac30000,0x000000001ad30000)]
  0x00000000199c3000 JavaThread "Reference Handler" daemon [_thread_blocked, id=31372, stack(0x000000001ab30000,0x000000001ac30000)]
  0x0000000002f92800 JavaThread "main" [_thread_blocked, id=9872, stack(0x0000000002e40000,0x0000000002f40000)]

Other Threads:
  0x00000000199a2800 VMThread [stack: 0x000000001aa30000,0x000000001ab30000] [id=29012]
  0x0000000019a75000 WatcherThread [stack: 0x000000001b530000,0x000000001b630000] [id=34524]

VM state:not at safepoint (normal execution)

VM Mutex/Monitor currently owned by a thread: None

heap address: 0x0000000080000000, size: 2048 MB, Compressed Oops mode: 32-bit
Narrow klass base: 0x0000000000000000, Narrow klass shift: 3
Compressed class space size: 1073741824 Address: 0x0000000100000000

Heap:
 PSYoungGen      total 658944K, used 612134K [0x00000000d5580000, 0x00000000fff00000, 0x0000000100000000)
  eden space 623104K, 95% used [0x00000000d5580000,0x00000000f97ee798,0x00000000fb600000)
  from space 35840K, 55% used [0x00000000fb600000,0x00000000fc95b3b8,0x00000000fd900000)
  to   space 35840K, 0% used [0x00000000fdc00000,0x00000000fdc00000,0x00000000fff00000)
 ParOldGen       total 336896K, used 174882K [0x0000000080000000, 0x0000000094900000, 0x00000000d5580000)
  object space 336896K, 51% used [0x0000000080000000,0x000000008aac8bc8,0x0000000094900000)
 Metaspace       used 88567K, capacity 93455K, committed 96664K, reserved 1132544K
  class space    used 11593K, capacity 12489K, committed 13232K, reserved 1048576K

Card table byte_map: [0x0000000012450000,0x0000000012860000] byte_map_base: 0x0000000012050000

Marking Bits: (ParMarkBitMap*) 0x00000000562ff030
 Begin Bits: [0x0000000013510000, 0x0000000015510000)
 End Bits:   [0x0000000015510000, 0x0000000017510000)

Polling page: 0x0000000002d10000

CodeCache: size=245760Kb used=51407Kb max_used=52043Kb free=194352Kb
 bounds [0x0000000003090000, 0x00000000063d0000, 0x0000000012090000]
 total_blobs=16412 nmethods=15571 adapters=751
 compilation: enabled

Compilation events (10 events):
Event: 200.666 Thread 0x00000000199d7800 nmethod 19281 0x000000000569de10 code [0x000000000569e020, 0x000000000569f388]
Event: 200.666 Thread 0x00000000199d7800 19283       4       org.gradle.internal.time.DefaultTimer::getElapsedMillis (29 bytes)
Event: 200.882 Thread 0x00000000199e2000 nmethod 19282 0x0000000005ae7d10 code [0x0000000005ae7f00, 0x0000000005ae8f88]
Event: 200.883 Thread 0x00000000199d7800 nmethod 19283 0x0000000004205650 code [0x00000000042057a0, 0x0000000004205878]
Event: 200.902 Thread 0x00000000199d7800 19285       4       com.google.common.collect.ImmutableSortedMap$1EntrySet$1::get (6 bytes)
Event: 200.908 Thread 0x00000000199e2000 19284       4       org.gradle.internal.snapshot.CompleteFileSystemLocationSnapshot$$Lambda$114/650635062::apply (10 bytes)
Event: 200.909 Thread 0x00000000199e2000 nmethod 19284 0x000000000533c150 code [0x000000000533c2a0, 0x000000000533c398]
Event: 200.990 Thread 0x00000000199e2000 19286 %     4       com.esotericsoftware.kryo.io.Output::writeString_slow @ 0 (238 bytes)
Event: 201.009 Thread 0x00000000199e3000 19287       3       java.util.concurrent.LinkedBlockingDeque::linkLast (69 bytes)
Event: 201.011 Thread 0x00000000199e3000 nmethod 19287 0x000000000549f0d0 code [0x000000000549f280, 0x000000000549f7a8]

GC Heap History (10 events):
Event: 180.520 GC heap before
{Heap before GC invocations=35 (full 4):
 PSYoungGen      total 658432K, used 627482K [0x00000000d5580000, 0x0000000100000000, 0x0000000100000000)
  eden space 616960K, 100% used [0x00000000d5580000,0x00000000fb000000,0x00000000fb000000)
  from space 41472K, 25% used [0x00000000fd780000,0x00000000fe1c6ae0,0x0000000100000000)
  to   space 40448K, 0% used [0x00000000fb000000,0x00000000fb000000,0x00000000fd780000)
 ParOldGen       total 336896K, used 141790K [0x0000000080000000, 0x0000000094900000, 0x00000000d5580000)
  object space 336896K, 42% used [0x0000000080000000,0x0000000088a77a50,0x0000000094900000)
 Metaspace       used 87655K, capacity 92337K, committed 96024K, reserved 1132544K
  class space    used 11491K, capacity 12312K, committed 13104K, reserved 1048576K
Event: 180.539 GC heap after
Heap after GC invocations=35 (full 4):
 PSYoungGen      total 626176K, used 9120K [0x00000000d5580000, 0x00000000ffc00000, 0x0000000100000000)
  eden space 616960K, 0% used [0x00000000d5580000,0x00000000d5580000,0x00000000fb000000)
  from space 9216K, 98% used [0x00000000fb000000,0x00000000fb8e8150,0x00000000fb900000)
  to   space 38912K, 0% used [0x00000000fd600000,0x00000000fd600000,0x00000000ffc00000)
 ParOldGen       total 336896K, used 151025K [0x0000000080000000, 0x0000000094900000, 0x00000000d5580000)
  object space 336896K, 44% used [0x0000000080000000,0x000000008937c5a0,0x0000000094900000)
 Metaspace       used 87655K, capacity 92337K, committed 96024K, reserved 1132544K
  class space    used 11491K, capacity 12312K, committed 13104K, reserved 1048576K
}
Event: 181.104 GC heap before
{Heap before GC invocations=36 (full 4):
 PSYoungGen      total 626176K, used 626080K [0x00000000d5580000, 0x00000000ffc00000, 0x0000000100000000)
  eden space 616960K, 100% used [0x00000000d5580000,0x00000000fb000000,0x00000000fb000000)
  from space 9216K, 98% used [0x00000000fb000000,0x00000000fb8e8150,0x00000000fb900000)
  to   space 38912K, 0% used [0x00000000fd600000,0x00000000fd600000,0x00000000ffc00000)
 ParOldGen       total 336896K, used 151025K [0x0000000080000000, 0x0000000094900000, 0x00000000d5580000)
  object space 336896K, 44% used [0x0000000080000000,0x000000008937c5a0,0x0000000094900000)
 Metaspace       used 87661K, capacity 92337K, committed 96024K, reserved 1132544K
  class space    used 11491K, capacity 12312K, committed 13104K, reserved 1048576K
Event: 181.116 GC heap after
Heap after GC invocations=36 (full 4):
 PSYoungGen      total 656896K, used 8475K [0x00000000d5580000, 0x0000000100000000, 0x0000000100000000)
  eden space 617984K, 0% used [0x00000000d5580000,0x00000000d5580000,0x00000000fb100000)
  from space 38912K, 21% used [0x00000000fd600000,0x00000000fde46ce0,0x00000000ffc00000)
  to   space 37888K, 0% used [0x00000000fb100000,0x00000000fb100000,0x00000000fd600000)
 ParOldGen       total 336896K, used 156403K [0x0000000080000000, 0x0000000094900000, 0x00000000d5580000)
  object space 336896K, 46% used [0x0000000080000000,0x00000000898bcc48,0x0000000094900000)
 Metaspace       used 87661K, capacity 92337K, committed 96024K, reserved 1132544K
  class space    used 11491K, capacity 12312K, committed 13104K, reserved 1048576K
}
Event: 181.622 GC heap before
{Heap before GC invocations=37 (full 4):
 PSYoungGen      total 656896K, used 626459K [0x00000000d5580000, 0x0000000100000000, 0x0000000100000000)
  eden space 617984K, 100% used [0x00000000d5580000,0x00000000fb100000,0x00000000fb100000)
  from space 38912K, 21% used [0x00000000fd600000,0x00000000fde46ce0,0x00000000ffc00000)
  to   space 37888K, 0% used [0x00000000fb100000,0x00000000fb100000,0x00000000fd600000)
 ParOldGen       total 336896K, used 156403K [0x0000000080000000, 0x0000000094900000, 0x00000000d5580000)
  object space 336896K, 46% used [0x0000000080000000,0x00000000898bcc48,0x0000000094900000)
 Metaspace       used 87665K, capacity 92337K, committed 96024K, reserved 1132544K
  class space    used 11491K, capacity 12312K, committed 13104K, reserved 1048576K
Event: 181.636 GC heap after
Heap after GC invocations=37 (full 4):
 PSYoungGen      total 655872K, used 8928K [0x00000000d5580000, 0x00000000ffd00000, 0x0000000100000000)
  eden space 617984K, 0% used [0x00000000d5580000,0x00000000d5580000,0x00000000fb100000)
  from space 37888K, 23% used [0x00000000fb100000,0x00000000fb9b8010,0x00000000fd600000)
  to   space 36864K, 0% used [0x00000000fd900000,0x00000000fd900000,0x00000000ffd00000)
 ParOldGen       total 336896K, used 164518K [0x0000000080000000, 0x0000000094900000, 0x00000000d5580000)
  object space 336896K, 48% used [0x0000000080000000,0x000000008a0a9978,0x0000000094900000)
 Metaspace       used 87665K, capacity 92337K, committed 96024K, reserved 1132544K
  class space    used 11491K, capacity 12312K, committed 13104K, reserved 1048576K
}
Event: 182.511 GC heap before
{Heap before GC invocations=38 (full 4):
 PSYoungGen      total 655872K, used 626912K [0x00000000d5580000, 0x00000000ffd00000, 0x0000000100000000)
  eden space 617984K, 100% used [0x00000000d5580000,0x00000000fb100000,0x00000000fb100000)
  from space 37888K, 23% used [0x00000000fb100000,0x00000000fb9b8010,0x00000000fd600000)
  to   space 36864K, 0% used [0x00000000fd900000,0x00000000fd900000,0x00000000ffd00000)
 ParOldGen       total 336896K, used 164518K [0x0000000080000000, 0x0000000094900000, 0x00000000d5580000)
  object space 336896K, 48% used [0x0000000080000000,0x000000008a0a9978,0x0000000094900000)
 Metaspace       used 87695K, capacity 92347K, committed 96024K, reserved 1132544K
  class space    used 11493K, capacity 12313K, committed 13104K, reserved 1048576K
Event: 182.527 GC heap after
Heap after GC invocations=38 (full 4):
 PSYoungGen      total 659968K, used 7731K [0x00000000d5580000, 0x00000000ffd00000, 0x0000000100000000)
  eden space 623104K, 0% used [0x00000000d5580000,0x00000000d5580000,0x00000000fb600000)
  from space 36864K, 20% used [0x00000000fd900000,0x00000000fe08cfe8,0x00000000ffd00000)
  to   space 35840K, 0% used [0x00000000fb600000,0x00000000fb600000,0x00000000fd900000)
 ParOldGen       total 336896K, used 169978K [0x0000000080000000, 0x0000000094900000, 0x00000000d5580000)
  object space 336896K, 50% used [0x0000000080000000,0x000000008a5fe998,0x0000000094900000)
 Metaspace       used 87695K, capacity 92347K, committed 96024K, reserved 1132544K
  class space    used 11493K, capacity 12313K, committed 13104K, reserved 1048576K
}
Event: 184.754 GC heap before
{Heap before GC invocations=39 (full 4):
 PSYoungGen      total 659968K, used 630835K [0x00000000d5580000, 0x00000000ffd00000, 0x0000000100000000)
  eden space 623104K, 100% used [0x00000000d5580000,0x00000000fb600000,0x00000000fb600000)
  from space 36864K, 20% used [0x00000000fd900000,0x00000000fe08cfe8,0x00000000ffd00000)
  to   space 35840K, 0% used [0x00000000fb600000,0x00000000fb600000,0x00000000fd900000)
 ParOldGen       total 336896K, used 169978K [0x0000000080000000, 0x0000000094900000, 0x00000000d5580000)
  object space 336896K, 50% used [0x0000000080000000,0x000000008a5fe998,0x0000000094900000)
 Metaspace       used 87900K, capacity 92513K, committed 96152K, reserved 1132544K
  class space    used 11525K, capacity 12358K, committed 13232K, reserved 1048576K
Event: 184.775 GC heap after
Heap after GC invocations=39 (full 4):
 PSYoungGen      total 658944K, used 19820K [0x00000000d5580000, 0x00000000fff00000, 0x0000000100000000)
  eden space 623104K, 0% used [0x00000000d5580000,0x00000000d5580000,0x00000000fb600000)
  from space 35840K, 55% used [0x00000000fb600000,0x00000000fc95b3b8,0x00000000fd900000)
  to   space 35840K, 0% used [0x00000000fdc00000,0x00000000fdc00000,0x00000000fff00000)
 ParOldGen       total 336896K, used 174882K [0x0000000080000000, 0x0000000094900000, 0x00000000d5580000)
  object space 336896K, 51% used [0x0000000080000000,0x000000008aac8bc8,0x0000000094900000)
 Metaspace       used 87900K, capacity 92513K, committed 96152K, reserved 1132544K
  class space    used 11525K, capacity 12358K, committed 13232K, reserved 1048576K
}

Deoptimization events (10 events):
Event: 188.149 Thread 0x000000001dc02000 Uncommon trap: reason=unstable_if action=reinterpret pc=0x00000000039f2eb0 method=java.util.Arrays.hashCode([Ljava/lang/Object;)I @ 1
Event: 188.149 Thread 0x000000001dbf7000 Uncommon trap: reason=unstable_if action=reinterpret pc=0x00000000039f2eb0 method=java.util.Arrays.hashCode([Ljava/lang/Object;)I @ 1
Event: 188.149 Thread 0x000000001dbf9000 Uncommon trap: reason=unstable_if action=reinterpret pc=0x00000000039f2eb0 method=java.util.Arrays.hashCode([Ljava/lang/Object;)I @ 1
Event: 188.149 Thread 0x000000001dbfc000 Uncommon trap: reason=unstable_if action=reinterpret pc=0x00000000039f2eb0 method=java.util.Arrays.hashCode([Ljava/lang/Object;)I @ 1
Event: 188.582 Thread 0x0000000020aea000 Uncommon trap: reason=unstable_if action=reinterpret pc=0x00000000054f4fa4 method=com.android.tools.r8.graph.Q0.definitionFor(Lcom/android/tools/r8/graph/j0;)Lcom/android/tools/r8/graph/C; @ 124
Event: 188.582 Thread 0x0000000020aea000 Uncommon trap: reason=unstable_if action=reinterpret pc=0x00000000055b4864 method=com.android.tools.r8.graph.Q0.definitionFor(Lcom/android/tools/r8/graph/j0;)Lcom/android/tools/r8/graph/C; @ 124
Event: 188.583 Thread 0x0000000020aea000 Uncommon trap: reason=unstable_if action=reinterpret pc=0x0000000004da4354 method=com.android.tools.r8.graph.Q0.definitionFor(Lcom/android/tools/r8/graph/j0;)Lcom/android/tools/r8/graph/C; @ 124
Event: 189.583 Thread 0x000000001dbfd000 Uncommon trap: reason=unstable_if action=reinterpret pc=0x0000000004e503f4 method=java.util.TimSort.mergeCollapse()V @ 61
Event: 189.584 Thread 0x000000001dbfd000 Uncommon trap: reason=unstable_if action=reinterpret pc=0x00000000061d0388 method=com.android.tools.r8.dex.r.c()Lcom/android/tools/r8/dex/r$a; @ 516
Event: 189.585 Thread 0x000000001dbfd000 Uncommon trap: reason=unstable_if action=reinterpret pc=0x0000000006111d90 method=com.android.tools.r8.dex.r.c()Lcom/android/tools/r8/dex/r$a; @ 516

Classes redefined (0 events):
No events

Internal exceptions (10 events):
Event: 188.149 Thread 0x000000001dbfa800 Implicit null exception at 0x00000000039f2daf to 0x00000000039f2ea1
Event: 188.149 Thread 0x000000001dbfb800 Implicit null exception at 0x00000000039f2daf to 0x00000000039f2ea1
Event: 188.149 Thread 0x000000001dc02000 Implicit null exception at 0x00000000039f2daf to 0x00000000039f2ea1
Event: 188.149 Thread 0x000000001dbf7000 Implicit null exception at 0x00000000039f2daf to 0x00000000039f2ea1
Event: 188.149 Thread 0x000000001dbf9000 Implicit null exception at 0x00000000039f2daf to 0x00000000039f2ea1
Event: 188.149 Thread 0x000000001dbfc000 Implicit null exception at 0x00000000039f2daf to 0x00000000039f2ea1
Event: 189.584 Thread 0x000000001dbfd000 Implicit null exception at 0x00000000061ca731 to 0x00000000061d0321
Event: 189.585 Thread 0x000000001dbfd000 Implicit null exception at 0x000000000610c649 to 0x0000000006111d6d
Event: 189.900 Thread 0x000000001dbfd000 Exception <a 'sun/nio/fs/WindowsException'> (0x00000000f0d7f200) thrown at [C:\src\AOSP-openjdk-git\hotspot\src\share\vm\prims\jni.cpp, line 710]
Event: 190.701 Thread 0x000000001dbee000 Exception <a 'sun/nio/fs/WindowsException'> (0x00000000f88d2e18) thrown at [C:\src\AOSP-openjdk-git\hotspot\src\share\vm\prims\jni.cpp, line 710]

Events (10 events):
Event: 191.109 Thread 0x000000001dab2800 DEOPT PACKING pc=0x00000000039d93c2 sp=0x0000000023ceb3e0
Event: 191.109 Thread 0x000000001dab2800 DEOPT UNPACKING pc=0x00000000030d75d0 sp=0x0000000023ceb1d0 mode 0
Event: 191.175 Thread 0x000000001dab2800 DEOPT PACKING pc=0x00000000039d93c2 sp=0x0000000023ceb2b0
Event: 191.175 Thread 0x000000001dab2800 DEOPT UNPACKING pc=0x00000000030d75d0 sp=0x0000000023ceb0a0 mode 0
Event: 191.203 Thread 0x000000001dab3000 DEOPT PACKING pc=0x0000000005dca350 sp=0x00000000254db850
Event: 191.203 Thread 0x000000001dab3000 DEOPT UNPACKING pc=0x00000000030d75d0 sp=0x00000000254db5f8 mode 0
Event: 191.225 Thread 0x000000001daaf800 DEOPT PACKING pc=0x00000000052c237b sp=0x00000000259db130
Event: 191.225 Thread 0x000000001daaf800 DEOPT UNPACKING pc=0x00000000030d75d0 sp=0x00000000259dae98 mode 0
Event: 191.272 Thread 0x000000001dab2800 DEOPT PACKING pc=0x00000000039d93c2 sp=0x0000000023ceb2b0
Event: 191.272 Thread 0x000000001dab2800 DEOPT UNPACKING pc=0x00000000030d75d0 sp=0x0000000023ceb0a0 mode 0


Dynamic libraries:
0x00007ff720fc0000 - 0x00007ff720ff1000 	D:\Android Studio\jre\bin\java.exe
0x00007ffa22450000 - 0x00007ffa22645000 	C:\WINDOWS\SYSTEM32\ntdll.dll
0x00007ff9cc250000 - 0x00007ff9cc262000 	D:\Avast\aswhook.dll
0x00007ffa22210000 - 0x00007ffa222cd000 	C:\WINDOWS\System32\KERNEL32.DLL
0x00007ffa20080000 - 0x00007ffa20349000 	C:\WINDOWS\System32\KERNELBASE.dll
0x00007ffa21d40000 - 0x00007ffa21dec000 	C:\WINDOWS\System32\ADVAPI32.dll
0x00007ffa21e20000 - 0x00007ffa21ebe000 	C:\WINDOWS\System32\msvcrt.dll
0x00007ffa21ca0000 - 0x00007ffa21d3c000 	C:\WINDOWS\System32\sechost.dll
0x00007ffa204b0000 - 0x00007ffa205db000 	C:\WINDOWS\System32\RPCRT4.dll
0x00007ffa21f20000 - 0x00007ffa220c0000 	C:\WINDOWS\System32\USER32.dll
0x00007ffa20480000 - 0x00007ffa204a2000 	C:\WINDOWS\System32\win32u.dll
0x00007ffa21df0000 - 0x00007ffa21e1a000 	C:\WINDOWS\System32\GDI32.dll
0x00007ffa1fbc0000 - 0x00007ffa1fccb000 	C:\WINDOWS\System32\gdi32full.dll
0x00007ffa1fe20000 - 0x00007ffa1febd000 	C:\WINDOWS\System32\msvcp_win.dll
0x00007ffa1fd20000 - 0x00007ffa1fe20000 	C:\WINDOWS\System32\ucrtbase.dll
0x00007ffa0c160000 - 0x00007ffa0c3fa000 	C:\WINDOWS\WinSxS\amd64_microsoft.windows.common-controls_6595b64144ccf1df_6.0.19041.844_none_ca00b6081b84eb1d\COMCTL32.dll
0x00007ffa20f40000 - 0x00007ffa20f70000 	C:\WINDOWS\System32\IMM32.DLL
0x00000000550c0000 - 0x0000000055192000 	D:\Android Studio\jre\jre\bin\msvcr100.dll
0x0000000055b30000 - 0x000000005637b000 	D:\Android Studio\jre\jre\bin\server\jvm.dll
0x00007ffa20f70000 - 0x00007ffa20f78000 	C:\WINDOWS\System32\PSAPI.DLL
0x00007ffa0a730000 - 0x00007ffa0a739000 	C:\WINDOWS\SYSTEM32\WSOCK32.dll
0x00007ffa0c690000 - 0x00007ffa0c6b7000 	C:\WINDOWS\SYSTEM32\WINMM.dll
0x00007ffa18a30000 - 0x00007ffa18a3a000 	C:\WINDOWS\SYSTEM32\VERSION.dll
0x00007ffa220c0000 - 0x00007ffa2212b000 	C:\WINDOWS\System32\WS2_32.dll
0x00007ffa1ae30000 - 0x00007ffa1ae3f000 	D:\Android Studio\jre\jre\bin\verify.dll
0x00007ffa0db20000 - 0x00007ffa0db49000 	D:\Android Studio\jre\jre\bin\java.dll
0x00007ffa1a3a0000 - 0x00007ffa1a3b6000 	D:\Android Studio\jre\jre\bin\zip.dll
0x00007ffa214a0000 - 0x00007ffa21be2000 	C:\WINDOWS\System32\SHELL32.dll
0x00007ffa1d940000 - 0x00007ffa1e0d0000 	C:\WINDOWS\SYSTEM32\windows.storage.dll
0x00007ffa21130000 - 0x00007ffa21485000 	C:\WINDOWS\System32\combase.dll
0x00007ffa1f600000 - 0x00007ffa1f62c000 	C:\WINDOWS\SYSTEM32\Wldp.dll
0x00007ffa21bf0000 - 0x00007ffa21c9e000 	C:\WINDOWS\System32\SHCORE.dll
0x00007ffa21ec0000 - 0x00007ffa21f15000 	C:\WINDOWS\System32\shlwapi.dll
0x00007ffa1fad0000 - 0x00007ffa1faef000 	C:\WINDOWS\SYSTEM32\profapi.dll
0x00007ffa0dce0000 - 0x00007ffa0dcfa000 	D:\Android Studio\jre\jre\bin\net.dll
0x00007ffa1f380000 - 0x00007ffa1f3ea000 	C:\WINDOWS\system32\mswsock.dll
0x00007ffa0d970000 - 0x00007ffa0d983000 	D:\Android Studio\jre\jre\bin\nio.dll
0x00007ffa0d9b0000 - 0x00007ffa0d9d7000 	C:\Users\keyel\.gradle\native\f6784746aeab05261644944871eae4fe03e0ef1612fff0a4a95f87b438bc6780\windows-amd64\native-platform.dll
0x00007ffa17c50000 - 0x00007ffa17c5d000 	D:\Android Studio\jre\jre\bin\management.dll
0x00007ffa1f560000 - 0x00007ffa1f578000 	C:\WINDOWS\SYSTEM32\CRYPTSP.dll
0x00007ffa1ecb0000 - 0x00007ffa1ece4000 	C:\WINDOWS\system32\rsaenh.dll
0x00007ffa1fb90000 - 0x00007ffa1fbb7000 	C:\WINDOWS\System32\bcrypt.dll
0x00007ffa1fa50000 - 0x00007ffa1fa7e000 	C:\WINDOWS\SYSTEM32\USERENV.dll
0x00007ffa20350000 - 0x00007ffa203d0000 	C:\WINDOWS\System32\bcryptprimitives.dll
0x00007ffa1f550000 - 0x00007ffa1f55c000 	C:\WINDOWS\SYSTEM32\CRYPTBASE.dll
0x00007ffa1f020000 - 0x00007ffa1f05b000 	C:\WINDOWS\SYSTEM32\IPHLPAPI.DLL
0x00007ffa20e70000 - 0x00007ffa20e78000 	C:\WINDOWS\System32\NSI.dll
0x00007ffa177a0000 - 0x00007ffa177b7000 	C:\WINDOWS\SYSTEM32\dhcpcsvc6.DLL
0x00007ffa179f0000 - 0x00007ffa17a0d000 	C:\WINDOWS\SYSTEM32\dhcpcsvc.DLL
0x00007ffa1f060000 - 0x00007ffa1f12b000 	C:\WINDOWS\SYSTEM32\DNSAPI.dll
0x00007ffa18a40000 - 0x00007ffa18a4b000 	C:\WINDOWS\SYSTEM32\WINNSI.DLL
0x00007ffa1c040000 - 0x00007ffa1c0d0000 	C:\WINDOWS\system32\apphelp.dll

VM Arguments:
jvm_args: -Xmx2048m -Dfile.encoding=UTF-8 -Duser.country=US -Duser.language=en -Duser.variant 
java_command: org.gradle.launcher.daemon.bootstrap.GradleDaemon 6.5
java_class_path (initial): C:\Users\keyel\.gradle\wrapper\dists\gradle-6.5-bin\6nifqtx7604sqp1q6g8wikw7p\gradle-6.5\lib\gradle-launcher-6.5.jar
Launcher Type: SUN_STANDARD

Environment Variables:
PATH=C:\Program Files\Java\jdk-14.0.2\bin;C:\Program Files (x86)\Common Files\Oracle\Java\javapath;C:\Program Files (x86)\Razer\ChromaBroadcast\bin;C:\Program Files\Razer\ChromaBroadcast\bin;C:\Program Files (x86)\Intel\Intel(R) Management Engine Components\iCLS\;C:\Program Files\Intel\Intel(R) Management Engine Components\iCLS\;C:\Windows\system32;C:\Windows;C:\Windows\System32\Wbem;C:\Windows\System32\WindowsPowerShell\v1.0\;C:\Windows\System32\OpenSSH\;C:\Program Files (x86)\Intel\Intel(R) Management Engine Components\DAL;C:\Program Files\Intel\Intel(R) Management Engine Components\DAL;C:\Program Files (x86)\Intel\Intel(R) Management Engine Components\IPT;C:\Program Files\Intel\Intel(R) Management Engine Components\IPT;C:\Program Files (x86)\NVIDIA Corporation\PhysX\Common;C:\Program Files\Microsoft SQL Server\130\Tools\Binn\;C:\Program Files\Microsoft SQL Server\Client SDK\ODBC\110\Tools\Binn\;C:\Program Files (x86)\Microsoft SQL Server\120\Tools\Binn\;C:\Program Files\Microsoft SQL Server\120\Tools\Binn\;C:\Program Files\Microsoft SQL Server\120\DTS\Binn\;C:\Program Files (x86)\Windows Kits\8.1\Windows Performance Toolkit\;C:\Program Files (x86)\IVI Foundation\VISA\WinNT\Bin\;C:\Program Files\IVI Foundation\VISA\Win64\Bin\;C:\Program Files (x86)\IVI Foundation\VISA\WinNT\Bin;C:\Windows\system32\config\systemprofile\AppData\Local\Microsoft\WindowsApps;C:\Program Files\Intel\WiFi\bin\;C:\Program Files\Common Files\Intel\WirelessCommon\;C:\WINDOWS\system32;C:\WINDOWS;C:\WINDOWS\System32\Wbem;C:\WINDOWS\System32\WindowsPowerShell\v1.0\;C:\WINDOWS\System32\OpenSSH\;D:\Git\Git\cmd;D:\Stevens\Matlab Runtime\v92\runtime\win64;D:\Brackets\command;D:\Matlab\runtime\win64;D:\Matlab\bin;D:\PuTTy\;D:\NodeJS\;C:\Users\keyel\AppData\Local\Programs\Python\Python38-32\Scripts\;C:\Users\keyel\AppData\Local\Programs\Python\Python38-32\;D:\Python\Scripts\;D:\VS code\Microsoft VS Code\bin;C:\Users\keyel\AppData\Local\Microsoft\WindowsApps;C:\Users\keyel\AppData\Roaming\npm
USERNAME=keyel
OS=Windows_NT
PROCESSOR_IDENTIFIER=Intel64 Family 6 Model 158 Stepping 10, GenuineIntel



---------------  S Y S T E M  ---------------

OS: Windows 10.0 , 64 bit Build 19041 (10.0.19041.804)

CPU:total 12 (initial active 12) (6 cores per cpu, 2 threads per core) family 6 model 158 stepping 10, cmov, cx8, fxsr, mmx, sse, sse2, sse3, ssse3, sse4.1, sse4.2, popcnt, avx, avx2, aes, clmul, erms, 3dnowpref, lzcnt, ht, tsc, tscinvbit, bmi1, bmi2, adx

Memory: 4k page, physical 16566556k(165620k free), swap 30165016k(0k free)

vm_info: OpenJDK 64-Bit Server VM (25.242-b01) for windows-amd64 JRE (1.8.0_242-release-1644-b01), built by "builder" with MS VC++ 10.0 (VS2010)

time: Sun Apr 11 16:06:11 2021
timezone: Eastern Daylight Time
elapsed time: 202 seconds (0d 0h 3m 22s)

